[2025-12-19T20:12:20.348+0000] {local_task_job_runner.py:120} INFO - ::group::Pre task execution logs
[2025-12-19T20:12:20.371+0000] {taskinstance.py:2076} INFO - Dependencies all met for dep_context=non-requeueable deps ti=<TaskInstance: data_quality.soda_test_staging scheduled__2025-12-18T16:00:00+00:00 [queued]>
[2025-12-19T20:12:20.379+0000] {taskinstance.py:2076} INFO - Dependencies all met for dep_context=requeueable deps ti=<TaskInstance: data_quality.soda_test_staging scheduled__2025-12-18T16:00:00+00:00 [queued]>
[2025-12-19T20:12:20.380+0000] {taskinstance.py:2306} INFO - Starting attempt 1 of 1
[2025-12-19T20:12:20.396+0000] {taskinstance.py:2330} INFO - Executing <Task(BashOperator): soda_test_staging> on 2025-12-18 16:00:00+00:00
[2025-12-19T20:12:20.403+0000] {standard_task_runner.py:63} INFO - Started process 1824 to run task
[2025-12-19T20:12:20.406+0000] {standard_task_runner.py:90} INFO - Running: ['***', 'tasks', 'run', 'data_quality', 'soda_test_staging', 'scheduled__2025-12-18T16:00:00+00:00', '--job-id', '40', '--raw', '--subdir', 'DAGS_FOLDER/main.py', '--cfg-path', '/tmp/tmphtrg198j']
[2025-12-19T20:12:20.409+0000] {standard_task_runner.py:91} INFO - Job 40: Subtask soda_test_staging
[2025-12-19T20:12:20.503+0000] {task_command.py:426} INFO - Running <TaskInstance: data_quality.soda_test_staging scheduled__2025-12-18T16:00:00+00:00 [running]> on host 2095eb49e620
[2025-12-19T20:12:20.598+0000] {taskinstance.py:2648} INFO - Exporting env vars: AIRFLOW_CTX_DAG_EMAIL='data@engineers.com' AIRFLOW_CTX_DAG_OWNER='dataengineers' AIRFLOW_CTX_DAG_ID='data_quality' AIRFLOW_CTX_TASK_ID='soda_test_staging' AIRFLOW_CTX_EXECUTION_DATE='2025-12-18T16:00:00+00:00' AIRFLOW_CTX_TRY_NUMBER='1' AIRFLOW_CTX_DAG_RUN_ID='scheduled__2025-12-18T16:00:00+00:00'
[2025-12-19T20:12:20.602+0000] {taskinstance.py:430} INFO - ::endgroup::
[2025-12-19T20:12:20.609+0000] {subprocess.py:63} INFO - Tmp dir root location: /tmp
[2025-12-19T20:12:20.616+0000] {subprocess.py:75} INFO - Running command: ['/usr/bin/bash', '-c', 'soda scan -dpg_datasource -c /opt/***/include/soda/configuration.yml -v SCHEMA=staging /opt/***/include/soda/checks.yml']
[2025-12-19T20:12:20.649+0000] {subprocess.py:86} INFO - Output:
[2025-12-19T20:12:22.180+0000] {subprocess.py:93} INFO - [20:12:22] Soda Core 3.3.14
[2025-12-19T20:12:22.381+0000] {subprocess.py:93} INFO - [20:12:22] Query execution error in 1.pg_datasource.core.yt_api.aggregation[0]: cross-database references are not implemented: "staging.core.yt_api"
[2025-12-19T20:12:22.382+0000] {subprocess.py:93} INFO - LINE 3: FROM staging.core.yt_api
[2025-12-19T20:12:22.383+0000] {subprocess.py:93} INFO -              ^
[2025-12-19T20:12:22.383+0000] {subprocess.py:93} INFO - 
[2025-12-19T20:12:22.384+0000] {subprocess.py:93} INFO - SELECT
[2025-12-19T20:12:22.384+0000] {subprocess.py:93} INFO -   COUNT(CASE WHEN "Video_ID" IS NULL THEN 1 END)
[2025-12-19T20:12:22.385+0000] {subprocess.py:93} INFO - FROM staging.core.yt_api
[2025-12-19T20:12:22.385+0000] {subprocess.py:93} INFO -   | cross-database references are not implemented: "staging.core.yt_api"
[2025-12-19T20:12:22.386+0000] {subprocess.py:93} INFO -   | LINE 3: FROM staging.core.yt_api
[2025-12-19T20:12:22.386+0000] {subprocess.py:93} INFO -   |              ^
[2025-12-19T20:12:22.387+0000] {subprocess.py:93} INFO - 
[2025-12-19T20:12:22.387+0000] {subprocess.py:93} INFO - [20:12:22] Query execution error in 2.pg_datasource.core.yt_api."Video_ID".duplicate_count: cross-database references are not implemented: "staging.core.yt_api"
[2025-12-19T20:12:22.388+0000] {subprocess.py:93} INFO - LINE 4:     FROM staging.core.yt_api
[2025-12-19T20:12:22.388+0000] {subprocess.py:93} INFO -                  ^
[2025-12-19T20:12:22.388+0000] {subprocess.py:93} INFO - 
[2025-12-19T20:12:22.389+0000] {subprocess.py:93} INFO - 
[2025-12-19T20:12:22.390+0000] {subprocess.py:93} INFO - WITH frequencies AS (
[2025-12-19T20:12:22.390+0000] {subprocess.py:93} INFO -     SELECT COUNT(*) AS frequency
[2025-12-19T20:12:22.390+0000] {subprocess.py:93} INFO -     FROM staging.core.yt_api
[2025-12-19T20:12:22.391+0000] {subprocess.py:93} INFO -     WHERE "Video_ID" IS NOT NULL
[2025-12-19T20:12:22.391+0000] {subprocess.py:93} INFO -     GROUP BY "Video_ID")
[2025-12-19T20:12:22.391+0000] {subprocess.py:93} INFO - SELECT COUNT(*)
[2025-12-19T20:12:22.392+0000] {subprocess.py:93} INFO - FROM frequencies
[2025-12-19T20:12:22.392+0000] {subprocess.py:93} INFO - WHERE frequency > 1
[2025-12-19T20:12:22.393+0000] {subprocess.py:93} INFO -   | cross-database references are not implemented: "staging.core.yt_api"
[2025-12-19T20:12:22.393+0000] {subprocess.py:93} INFO -   | LINE 4:     FROM staging.core.yt_api
[2025-12-19T20:12:22.394+0000] {subprocess.py:93} INFO -   |                  ^
[2025-12-19T20:12:22.397+0000] {subprocess.py:93} INFO - 
[2025-12-19T20:12:22.397+0000] {subprocess.py:93} INFO - [20:12:22] Query execution error in 3.pg_datasource.core.yt_api_invalid_metrics.aggregation[0]: cross-database references are not implemented: "staging.core.yt_api_invalid_metrics"
[2025-12-19T20:12:22.403+0000] {subprocess.py:93} INFO - LINE 3: FROM staging.core.yt_api_invalid_metrics
[2025-12-19T20:12:22.404+0000] {subprocess.py:93} INFO -              ^
[2025-12-19T20:12:22.404+0000] {subprocess.py:93} INFO - 
[2025-12-19T20:12:22.405+0000] {subprocess.py:93} INFO - SELECT
[2025-12-19T20:12:22.406+0000] {subprocess.py:93} INFO -   COUNT(*)
[2025-12-19T20:12:22.406+0000] {subprocess.py:93} INFO - FROM staging.core.yt_api_invalid_metrics
[2025-12-19T20:12:22.406+0000] {subprocess.py:93} INFO -   | cross-database references are not implemented: "staging.core.yt_api_invalid_metrics"
[2025-12-19T20:12:22.407+0000] {subprocess.py:93} INFO -   | LINE 3: FROM staging.core.yt_api_invalid_metrics
[2025-12-19T20:12:22.408+0000] {subprocess.py:93} INFO -   |              ^
[2025-12-19T20:12:22.408+0000] {subprocess.py:93} INFO - 
[2025-12-19T20:12:22.409+0000] {subprocess.py:93} INFO - [20:12:22] Metrics 'missing_count' were not computed for check 'missing_count("Video_ID") = 0'
[2025-12-19T20:12:22.409+0000] {subprocess.py:93} INFO - [20:12:22] Metrics 'duplicate_count' were not computed for check 'duplicate_count("Video_ID") = 0'
[2025-12-19T20:12:22.410+0000] {subprocess.py:93} INFO - [20:12:22] Metrics 'row_count' were not computed for check 'row_count = 0'
[2025-12-19T20:12:22.410+0000] {subprocess.py:93} INFO - [20:12:22] Scan summary:
[2025-12-19T20:12:22.410+0000] {subprocess.py:93} INFO - [20:12:22] 3/3 checks NOT EVALUATED:
[2025-12-19T20:12:22.411+0000] {subprocess.py:93} INFO - [20:12:22]     core.yt_api in pg_datasource
[2025-12-19T20:12:22.411+0000] {subprocess.py:93} INFO - [20:12:22]       missing_count("Video_ID") = 0 [NOT EVALUATED]
[2025-12-19T20:12:22.411+0000] {subprocess.py:93} INFO - [20:12:22]         check_value: None
[2025-12-19T20:12:22.411+0000] {subprocess.py:93} INFO - [20:12:22]       duplicate_count("Video_ID") = 0 [NOT EVALUATED]
[2025-12-19T20:12:22.412+0000] {subprocess.py:93} INFO - [20:12:22]         check_value: None
[2025-12-19T20:12:22.412+0000] {subprocess.py:93} INFO - [20:12:22]     core.yt_api_invalid_metrics in pg_datasource
[2025-12-19T20:12:22.412+0000] {subprocess.py:93} INFO - [20:12:22]       row_count = 0 [NOT EVALUATED]
[2025-12-19T20:12:22.412+0000] {subprocess.py:93} INFO - [20:12:22]         check_value: None
[2025-12-19T20:12:22.413+0000] {subprocess.py:93} INFO - [20:12:22] 3 checks not evaluated.
[2025-12-19T20:12:22.413+0000] {subprocess.py:93} INFO - [20:12:22] 6 errors.
[2025-12-19T20:12:22.413+0000] {subprocess.py:93} INFO - [20:12:22] Oops! 6 errors. 0 failures. 0 warnings. 0 pass.
[2025-12-19T20:12:22.413+0000] {subprocess.py:93} INFO - ERRORS:
[2025-12-19T20:12:22.413+0000] {subprocess.py:93} INFO - [20:12:22] Query execution error in 1.pg_datasource.core.yt_api.aggregation[0]: cross-database references are not implemented: "staging.core.yt_api"
[2025-12-19T20:12:22.414+0000] {subprocess.py:93} INFO - LINE 3: FROM staging.core.yt_api
[2025-12-19T20:12:22.414+0000] {subprocess.py:93} INFO -              ^
[2025-12-19T20:12:22.414+0000] {subprocess.py:93} INFO - 
[2025-12-19T20:12:22.414+0000] {subprocess.py:93} INFO - SELECT
[2025-12-19T20:12:22.415+0000] {subprocess.py:93} INFO -   COUNT(CASE WHEN "Video_ID" IS NULL THEN 1 END)
[2025-12-19T20:12:22.415+0000] {subprocess.py:93} INFO - FROM staging.core.yt_api
[2025-12-19T20:12:22.415+0000] {subprocess.py:93} INFO -   | cross-database references are not implemented: "staging.core.yt_api"
[2025-12-19T20:12:22.415+0000] {subprocess.py:93} INFO -   | LINE 3: FROM staging.core.yt_api
[2025-12-19T20:12:22.416+0000] {subprocess.py:93} INFO -   |              ^
[2025-12-19T20:12:22.416+0000] {subprocess.py:93} INFO - 
[2025-12-19T20:12:22.416+0000] {subprocess.py:93} INFO - [20:12:22] Query execution error in 2.pg_datasource.core.yt_api."Video_ID".duplicate_count: cross-database references are not implemented: "staging.core.yt_api"
[2025-12-19T20:12:22.416+0000] {subprocess.py:93} INFO - LINE 4:     FROM staging.core.yt_api
[2025-12-19T20:12:22.416+0000] {subprocess.py:93} INFO -                  ^
[2025-12-19T20:12:22.417+0000] {subprocess.py:93} INFO - 
[2025-12-19T20:12:22.417+0000] {subprocess.py:93} INFO - 
[2025-12-19T20:12:22.417+0000] {subprocess.py:93} INFO - WITH frequencies AS (
[2025-12-19T20:12:22.418+0000] {subprocess.py:93} INFO -     SELECT COUNT(*) AS frequency
[2025-12-19T20:12:22.418+0000] {subprocess.py:93} INFO -     FROM staging.core.yt_api
[2025-12-19T20:12:22.418+0000] {subprocess.py:93} INFO -     WHERE "Video_ID" IS NOT NULL
[2025-12-19T20:12:22.418+0000] {subprocess.py:93} INFO -     GROUP BY "Video_ID")
[2025-12-19T20:12:22.418+0000] {subprocess.py:93} INFO - SELECT COUNT(*)
[2025-12-19T20:12:22.419+0000] {subprocess.py:93} INFO - FROM frequencies
[2025-12-19T20:12:22.419+0000] {subprocess.py:93} INFO - WHERE frequency > 1
[2025-12-19T20:12:22.419+0000] {subprocess.py:93} INFO -   | cross-database references are not implemented: "staging.core.yt_api"
[2025-12-19T20:12:22.419+0000] {subprocess.py:93} INFO -   | LINE 4:     FROM staging.core.yt_api
[2025-12-19T20:12:22.420+0000] {subprocess.py:93} INFO -   |                  ^
[2025-12-19T20:12:22.420+0000] {subprocess.py:93} INFO - 
[2025-12-19T20:12:22.420+0000] {subprocess.py:93} INFO - [20:12:22] Query execution error in 3.pg_datasource.core.yt_api_invalid_metrics.aggregation[0]: cross-database references are not implemented: "staging.core.yt_api_invalid_metrics"
[2025-12-19T20:12:22.421+0000] {subprocess.py:93} INFO - LINE 3: FROM staging.core.yt_api_invalid_metrics
[2025-12-19T20:12:22.421+0000] {subprocess.py:93} INFO -              ^
[2025-12-19T20:12:22.421+0000] {subprocess.py:93} INFO - 
[2025-12-19T20:12:22.422+0000] {subprocess.py:93} INFO - SELECT
[2025-12-19T20:12:22.422+0000] {subprocess.py:93} INFO -   COUNT(*)
[2025-12-19T20:12:22.422+0000] {subprocess.py:93} INFO - FROM staging.core.yt_api_invalid_metrics
[2025-12-19T20:12:22.423+0000] {subprocess.py:93} INFO -   | cross-database references are not implemented: "staging.core.yt_api_invalid_metrics"
[2025-12-19T20:12:22.423+0000] {subprocess.py:93} INFO -   | LINE 3: FROM staging.core.yt_api_invalid_metrics
[2025-12-19T20:12:22.423+0000] {subprocess.py:93} INFO -   |              ^
[2025-12-19T20:12:22.423+0000] {subprocess.py:93} INFO - 
[2025-12-19T20:12:22.424+0000] {subprocess.py:93} INFO - [20:12:22] Metrics 'missing_count' were not computed for check 'missing_count("Video_ID") = 0'
[2025-12-19T20:12:22.424+0000] {subprocess.py:93} INFO - [20:12:22] Metrics 'duplicate_count' were not computed for check 'duplicate_count("Video_ID") = 0'
[2025-12-19T20:12:22.424+0000] {subprocess.py:93} INFO - [20:12:22] Metrics 'row_count' were not computed for check 'row_count = 0'
[2025-12-19T20:12:23.930+0000] {subprocess.py:97} INFO - Command exited with return code 3
[2025-12-19T20:12:23.937+0000] {taskinstance.py:441} INFO - ::group::Post task execution logs
[2025-12-19T20:12:23.947+0000] {taskinstance.py:2905} ERROR - Task failed with exception
Traceback (most recent call last):
  File "/home/airflow/.local/lib/python3.11/site-packages/airflow/models/taskinstance.py", line 465, in _execute_task
    result = _execute_callable(context=context, **execute_callable_kwargs)
             ^^^^^^^^^^^^^^^^^^^^^^^^^^^^^^^^^^^^^^^^^^^^^^^^^^^^^^^^^^^^^
  File "/home/airflow/.local/lib/python3.11/site-packages/airflow/models/taskinstance.py", line 432, in _execute_callable
    return execute_callable(context=context, **execute_callable_kwargs)
           ^^^^^^^^^^^^^^^^^^^^^^^^^^^^^^^^^^^^^^^^^^^^^^^^^^^^^^^^^^^^
  File "/home/airflow/.local/lib/python3.11/site-packages/airflow/models/baseoperator.py", line 401, in wrapper
    return func(self, *args, **kwargs)
           ^^^^^^^^^^^^^^^^^^^^^^^^^^^
  File "/home/airflow/.local/lib/python3.11/site-packages/airflow/operators/bash.py", line 243, in execute
    raise AirflowException(
airflow.exceptions.AirflowException: Bash command failed. The command returned a non-zero exit code 3.
[2025-12-19T20:12:23.954+0000] {taskinstance.py:1206} INFO - Marking task as FAILED. dag_id=data_quality, task_id=soda_test_staging, run_id=scheduled__2025-12-18T16:00:00+00:00, execution_date=20251218T160000, start_date=20251219T201220, end_date=20251219T201223
[2025-12-19T20:12:23.968+0000] {standard_task_runner.py:110} ERROR - Failed to execute job 40 for task soda_test_staging (Bash command failed. The command returned a non-zero exit code 3.; 1824)
[2025-12-19T20:12:24.004+0000] {local_task_job_runner.py:240} INFO - Task exited with return code 1
[2025-12-19T20:12:24.026+0000] {taskinstance.py:3503} INFO - 0 downstream tasks scheduled from follow-on schedule check
[2025-12-19T20:12:24.031+0000] {local_task_job_runner.py:222} INFO - ::endgroup::
