[2025-12-14T23:03:11.661+0000] {local_task_job_runner.py:120} INFO - ::group::Pre task execution logs
[2025-12-14T23:03:11.768+0000] {taskinstance.py:2076} INFO - Dependencies all met for dep_context=non-requeueable deps ti=<TaskInstance: produce_json.playlist_id manual__2025-12-14T20:52:08.545513+00:00 [queued]>
[2025-12-14T23:03:11.820+0000] {taskinstance.py:2076} INFO - Dependencies all met for dep_context=requeueable deps ti=<TaskInstance: produce_json.playlist_id manual__2025-12-14T20:52:08.545513+00:00 [queued]>
[2025-12-14T23:03:11.827+0000] {taskinstance.py:2306} INFO - Starting attempt 1 of 1
[2025-12-14T23:03:11.908+0000] {taskinstance.py:2330} INFO - Executing <Task(_PythonDecoratedOperator): playlist_id> on 2025-12-14 20:52:08.545513+00:00
[2025-12-14T23:03:11.944+0000] {warnings.py:112} WARNING - /home/***/.local/lib/python3.12/site-packages/***/task/task_runner/standard_task_runner.py:61: DeprecationWarning: This process (pid=63) is multi-threaded, use of fork() may lead to deadlocks in the child.
  pid = os.fork()

[2025-12-14T23:03:12.093+0000] {standard_task_runner.py:63} INFO - Started process 69 to run task
[2025-12-14T23:03:12.288+0000] {standard_task_runner.py:90} INFO - Running: ['***', 'tasks', 'run', 'produce_json', 'playlist_id', 'manual__2025-12-14T20:52:08.545513+00:00', '--job-id', '94', '--raw', '--subdir', 'DAGS_FOLDER/main.py', '--cfg-path', '/tmp/tmptromvjwh']
[2025-12-14T23:03:12.360+0000] {standard_task_runner.py:91} INFO - Job 94: Subtask playlist_id
[2025-12-14T23:03:13.399+0000] {task_command.py:426} INFO - Running <TaskInstance: produce_json.playlist_id manual__2025-12-14T20:52:08.545513+00:00 [running]> on host cb2dfa33a813
[2025-12-14T23:03:14.911+0000] {taskinstance.py:2648} INFO - Exporting env vars: AIRFLOW_CTX_DAG_EMAIL='data@engineers.com' AIRFLOW_CTX_DAG_OWNER='dataengineers' AIRFLOW_CTX_DAG_ID='produce_json' AIRFLOW_CTX_TASK_ID='playlist_id' AIRFLOW_CTX_EXECUTION_DATE='2025-12-14T20:52:08.545513+00:00' AIRFLOW_CTX_TRY_NUMBER='1' AIRFLOW_CTX_DAG_RUN_ID='manual__2025-12-14T20:52:08.545513+00:00'
[2025-12-14T23:03:14.920+0000] {taskinstance.py:430} INFO - ::endgroup::
[2025-12-14T23:03:14.930+0000] {python.py:237} INFO - Done. Returned value was: {{ task_instance.xcom_pull(task_ids='get_playlist_Id', dag_id='adhoc_airflow', key='return_value') }}
[2025-12-14T23:03:14.939+0000] {taskinstance.py:441} INFO - ::group::Post task execution logs
[2025-12-14T23:03:14.996+0000] {xcom.py:675} ERROR - Object of type PlainXComArg is not JSON serializable. If you are using pickle instead of JSON for XCom, then you need to enable pickle support for XCom in your *** config or make sure to decorate your object with attr.
[2025-12-14T23:03:15.008+0000] {taskinstance.py:2905} ERROR - Task failed with exception
Traceback (most recent call last):
  File "/home/airflow/.local/lib/python3.12/site-packages/airflow/utils/json.py", line 91, in default
    return serialize(o)
           ^^^^^^^^^^^^
  File "/home/airflow/.local/lib/python3.12/site-packages/airflow/serialization/serde.py", line 189, in serialize
    raise TypeError(f"cannot serialize object of type {cls}")
TypeError: cannot serialize object of type <class '***.models.xcom_arg.PlainXComArg'>

During handling of the above exception, another exception occurred:

Traceback (most recent call last):
  File "/home/airflow/.local/lib/python3.12/site-packages/airflow/models/taskinstance.py", line 486, in _execute_task
    task_instance.xcom_push(key=XCOM_RETURN_KEY, value=xcom_value, session=session)
  File "/home/airflow/.local/lib/python3.12/site-packages/airflow/utils/session.py", line 76, in wrapper
    return func(*args, **kwargs)
           ^^^^^^^^^^^^^^^^^^^^^
  File "/home/airflow/.local/lib/python3.12/site-packages/airflow/models/taskinstance.py", line 3197, in xcom_push
    XCom.set(
  File "/home/airflow/.local/lib/python3.12/site-packages/airflow/utils/session.py", line 76, in wrapper
    return func(*args, **kwargs)
           ^^^^^^^^^^^^^^^^^^^^^
  File "/home/airflow/.local/lib/python3.12/site-packages/airflow/models/xcom.py", line 246, in set
    value = cls.serialize_value(
            ^^^^^^^^^^^^^^^^^^^^
  File "/home/airflow/.local/lib/python3.12/site-packages/airflow/models/xcom.py", line 673, in serialize_value
    return json.dumps(value, cls=XComEncoder).encode("UTF-8")
           ^^^^^^^^^^^^^^^^^^^^^^^^^^^^^^^^^^
  File "/usr/local/lib/python3.12/json/__init__.py", line 238, in dumps
    **kw).encode(obj)
          ^^^^^^^^^^^
  File "/home/airflow/.local/lib/python3.12/site-packages/airflow/utils/json.py", line 104, in encode
    return super().encode(o)
           ^^^^^^^^^^^^^^^^^
  File "/usr/local/lib/python3.12/json/encoder.py", line 200, in encode
    chunks = self.iterencode(o, _one_shot=True)
             ^^^^^^^^^^^^^^^^^^^^^^^^^^^^^^^^^^
  File "/usr/local/lib/python3.12/json/encoder.py", line 258, in iterencode
    return _iterencode(o, 0)
           ^^^^^^^^^^^^^^^^^
  File "/home/airflow/.local/lib/python3.12/site-packages/airflow/utils/json.py", line 93, in default
    return super().default(o)
           ^^^^^^^^^^^^^^^^^^
  File "/usr/local/lib/python3.12/json/encoder.py", line 180, in default
    raise TypeError(f'Object of type {o.__class__.__name__} '
TypeError: Object of type PlainXComArg is not JSON serializable
[2025-12-14T23:03:15.048+0000] {taskinstance.py:1206} INFO - Marking task as FAILED. dag_id=produce_json, task_id=playlist_id, run_id=manual__2025-12-14T20:52:08.545513+00:00, execution_date=20251214T205208, start_date=20251214T230311, end_date=20251214T230315
[2025-12-14T23:03:15.099+0000] {standard_task_runner.py:110} ERROR - Failed to execute job 94 for task playlist_id (Object of type PlainXComArg is not JSON serializable; 69)
[2025-12-14T23:03:15.178+0000] {local_task_job_runner.py:240} INFO - Task exited with return code 1
[2025-12-14T23:03:15.281+0000] {taskinstance.py:3503} INFO - 0 downstream tasks scheduled from follow-on schedule check
[2025-12-14T23:03:15.308+0000] {local_task_job_runner.py:222} INFO - ::endgroup::
