[2025-12-18T04:10:10.832+0000] {local_task_job_runner.py:120} INFO - ::group::Pre task execution logs
[2025-12-18T04:10:10.868+0000] {taskinstance.py:2076} INFO - Dependencies all met for dep_context=non-requeueable deps ti=<TaskInstance: update_db.staging_table manual__2025-12-18T04:10:09.912921+00:00 [queued]>
[2025-12-18T04:10:10.876+0000] {taskinstance.py:2076} INFO - Dependencies all met for dep_context=requeueable deps ti=<TaskInstance: update_db.staging_table manual__2025-12-18T04:10:09.912921+00:00 [queued]>
[2025-12-18T04:10:10.877+0000] {taskinstance.py:2306} INFO - Starting attempt 1 of 1
[2025-12-18T04:10:10.892+0000] {taskinstance.py:2330} INFO - Executing <Task(_PythonDecoratedOperator): staging_table> on 2025-12-18 04:10:09.912921+00:00
[2025-12-18T04:10:10.899+0000] {warnings.py:112} WARNING - /home/***/.local/lib/python3.12/site-packages/***/task/task_runner/standard_task_runner.py:61: DeprecationWarning: This process (pid=600) is multi-threaded, use of fork() may lead to deadlocks in the child.
  pid = os.fork()

[2025-12-18T04:10:10.901+0000] {standard_task_runner.py:63} INFO - Started process 601 to run task
[2025-12-18T04:10:10.902+0000] {standard_task_runner.py:90} INFO - Running: ['***', 'tasks', 'run', 'update_db', 'staging_table', 'manual__2025-12-18T04:10:09.912921+00:00', '--job-id', '7', '--raw', '--subdir', 'DAGS_FOLDER/main.py', '--cfg-path', '/tmp/tmpdlad7e4b']
[2025-12-18T04:10:10.903+0000] {standard_task_runner.py:91} INFO - Job 7: Subtask staging_table
[2025-12-18T04:10:10.975+0000] {task_command.py:426} INFO - Running <TaskInstance: update_db.staging_table manual__2025-12-18T04:10:09.912921+00:00 [running]> on host cfc984bcb72d
[2025-12-18T04:10:11.064+0000] {taskinstance.py:2648} INFO - Exporting env vars: AIRFLOW_CTX_DAG_EMAIL='data@engineers.com' AIRFLOW_CTX_DAG_OWNER='dataengineers' AIRFLOW_CTX_DAG_ID='update_db' AIRFLOW_CTX_TASK_ID='staging_table' AIRFLOW_CTX_EXECUTION_DATE='2025-12-18T04:10:09.912921+00:00' AIRFLOW_CTX_TRY_NUMBER='1' AIRFLOW_CTX_DAG_RUN_ID='manual__2025-12-18T04:10:09.912921+00:00'
[2025-12-18T04:10:11.065+0000] {taskinstance.py:430} INFO - ::endgroup::
[2025-12-18T04:10:11.112+0000] {base.py:84} INFO - Using connection ID 'postgres_db_yt_elt' for task execution.
[2025-12-18T04:10:11.118+0000] {data_loading.py:11} INFO - Processing file: YT_data_2025-12-18
[2025-12-18T04:10:11.119+0000] {data_loading.py:18} ERROR - Invalid JSON in file: ./data/YT_data_2025-12-18.json
[2025-12-18T04:10:11.120+0000] {dwh.py:43} ERROR - An error occurred during the update of staging table: [Errno 2] No such file or directory: './data/YT_data_2025-12-18.json'
[2025-12-18T04:10:11.120+0000] {taskinstance.py:441} INFO - ::group::Post task execution logs
[2025-12-18T04:10:11.122+0000] {taskinstance.py:2905} ERROR - Task failed with exception
Traceback (most recent call last):
  File "/home/airflow/.local/lib/python3.12/site-packages/airflow/models/taskinstance.py", line 465, in _execute_task
    result = _execute_callable(context=context, **execute_callable_kwargs)
             ^^^^^^^^^^^^^^^^^^^^^^^^^^^^^^^^^^^^^^^^^^^^^^^^^^^^^^^^^^^^^
  File "/home/airflow/.local/lib/python3.12/site-packages/airflow/models/taskinstance.py", line 432, in _execute_callable
    return execute_callable(context=context, **execute_callable_kwargs)
           ^^^^^^^^^^^^^^^^^^^^^^^^^^^^^^^^^^^^^^^^^^^^^^^^^^^^^^^^^^^^
  File "/home/airflow/.local/lib/python3.12/site-packages/airflow/models/baseoperator.py", line 401, in wrapper
    return func(self, *args, **kwargs)
           ^^^^^^^^^^^^^^^^^^^^^^^^^^^
  File "/home/airflow/.local/lib/python3.12/site-packages/airflow/decorators/base.py", line 265, in execute
    return_value = super().execute(context)
                   ^^^^^^^^^^^^^^^^^^^^^^^^
  File "/home/airflow/.local/lib/python3.12/site-packages/airflow/models/baseoperator.py", line 401, in wrapper
    return func(self, *args, **kwargs)
           ^^^^^^^^^^^^^^^^^^^^^^^^^^^
  File "/home/airflow/.local/lib/python3.12/site-packages/airflow/operators/python.py", line 235, in execute
    return_value = self.execute_callable()
                   ^^^^^^^^^^^^^^^^^^^^^^^
  File "/home/airflow/.local/lib/python3.12/site-packages/airflow/operators/python.py", line 252, in execute_callable
    return self.python_callable(*self.op_args, **self.op_kwargs)
           ^^^^^^^^^^^^^^^^^^^^^^^^^^^^^^^^^^^^^^^^^^^^^^^^^^^^^
  File "/opt/airflow/dags/datawarehouse/dwh.py", line 44, in staging_table
    raise e
  File "/opt/airflow/dags/datawarehouse/dwh.py", line 19, in staging_table
    Yt_data = load_data()
              ^^^^^^^^^^^
  File "/opt/airflow/dags/datawarehouse/data_loading.py", line 13, in load_data
    with open(file_path, 'r', encoding= 'utf-8') as raw_data:
         ^^^^^^^^^^^^^^^^^^^^^^^^^^^^^^^^^^^^^^^
FileNotFoundError: [Errno 2] No such file or directory: './data/YT_data_2025-12-18.json'
[2025-12-18T04:10:11.146+0000] {taskinstance.py:1206} INFO - Marking task as FAILED. dag_id=update_db, task_id=staging_table, run_id=manual__2025-12-18T04:10:09.912921+00:00, execution_date=20251218T041009, start_date=20251218T041010, end_date=20251218T041011
[2025-12-18T04:10:11.159+0000] {standard_task_runner.py:110} ERROR - Failed to execute job 7 for task staging_table ([Errno 2] No such file or directory: './data/YT_data_2025-12-18.json'; 601)
[2025-12-18T04:10:11.199+0000] {local_task_job_runner.py:240} INFO - Task exited with return code 1
[2025-12-18T04:10:11.219+0000] {taskinstance.py:3503} INFO - 0 downstream tasks scheduled from follow-on schedule check
[2025-12-18T04:10:11.225+0000] {local_task_job_runner.py:222} INFO - ::endgroup::
