[2025-12-19T20:15:39.960+0000] {local_task_job_runner.py:120} INFO - ::group::Pre task execution logs
[2025-12-19T20:15:39.996+0000] {taskinstance.py:2076} INFO - Dependencies all met for dep_context=non-requeueable deps ti=<TaskInstance: data_quality.soda_test_staging manual__2025-12-19T20:15:37.693965+00:00 [queued]>
[2025-12-19T20:15:40.005+0000] {taskinstance.py:2076} INFO - Dependencies all met for dep_context=requeueable deps ti=<TaskInstance: data_quality.soda_test_staging manual__2025-12-19T20:15:37.693965+00:00 [queued]>
[2025-12-19T20:15:40.006+0000] {taskinstance.py:2306} INFO - Starting attempt 1 of 1
[2025-12-19T20:15:40.022+0000] {taskinstance.py:2330} INFO - Executing <Task(BashOperator): soda_test_staging> on 2025-12-19 20:15:37.693965+00:00
[2025-12-19T20:15:40.028+0000] {standard_task_runner.py:63} INFO - Started process 1873 to run task
[2025-12-19T20:15:40.033+0000] {standard_task_runner.py:90} INFO - Running: ['***', 'tasks', 'run', 'data_quality', 'soda_test_staging', 'manual__2025-12-19T20:15:37.693965+00:00', '--job-id', '41', '--raw', '--subdir', 'DAGS_FOLDER/main.py', '--cfg-path', '/tmp/tmpy2iqzo8o']
[2025-12-19T20:15:40.037+0000] {standard_task_runner.py:91} INFO - Job 41: Subtask soda_test_staging
[2025-12-19T20:15:40.130+0000] {task_command.py:426} INFO - Running <TaskInstance: data_quality.soda_test_staging manual__2025-12-19T20:15:37.693965+00:00 [running]> on host 2095eb49e620
[2025-12-19T20:15:40.226+0000] {taskinstance.py:2648} INFO - Exporting env vars: AIRFLOW_CTX_DAG_EMAIL='data@engineers.com' AIRFLOW_CTX_DAG_OWNER='dataengineers' AIRFLOW_CTX_DAG_ID='data_quality' AIRFLOW_CTX_TASK_ID='soda_test_staging' AIRFLOW_CTX_EXECUTION_DATE='2025-12-19T20:15:37.693965+00:00' AIRFLOW_CTX_TRY_NUMBER='1' AIRFLOW_CTX_DAG_RUN_ID='manual__2025-12-19T20:15:37.693965+00:00'
[2025-12-19T20:15:40.227+0000] {taskinstance.py:430} INFO - ::endgroup::
[2025-12-19T20:15:40.230+0000] {subprocess.py:63} INFO - Tmp dir root location: /tmp
[2025-12-19T20:15:40.233+0000] {subprocess.py:75} INFO - Running command: ['/usr/bin/bash', '-c', 'soda scan -dpg_datasource -c /opt/***/include/soda/configuration.yml -v SCHEMA=staging /opt/***/include/soda/checks.yml']
[2025-12-19T20:15:40.251+0000] {subprocess.py:86} INFO - Output:
[2025-12-19T20:15:41.377+0000] {subprocess.py:93} INFO - [20:15:41] Soda Core 3.3.14
[2025-12-19T20:15:41.541+0000] {subprocess.py:93} INFO - [20:15:41] Query execution error in 3.pg_datasource.yt_api_invalid_metrics.aggregation[0]: relation "staging.yt_api_invalid_metrics" does not exist
[2025-12-19T20:15:41.547+0000] {subprocess.py:93} INFO - LINE 3: FROM staging.yt_api_invalid_metrics
[2025-12-19T20:15:41.549+0000] {subprocess.py:93} INFO -              ^
[2025-12-19T20:15:41.550+0000] {subprocess.py:93} INFO - 
[2025-12-19T20:15:41.550+0000] {subprocess.py:93} INFO - SELECT
[2025-12-19T20:15:41.551+0000] {subprocess.py:93} INFO -   COUNT(*)
[2025-12-19T20:15:41.553+0000] {subprocess.py:93} INFO - FROM staging.yt_api_invalid_metrics
[2025-12-19T20:15:41.553+0000] {subprocess.py:93} INFO -   | relation "staging.yt_api_invalid_metrics" does not exist
[2025-12-19T20:15:41.554+0000] {subprocess.py:93} INFO -   | LINE 3: FROM staging.yt_api_invalid_metrics
[2025-12-19T20:15:41.554+0000] {subprocess.py:93} INFO -   |              ^
[2025-12-19T20:15:41.555+0000] {subprocess.py:93} INFO - 
[2025-12-19T20:15:41.555+0000] {subprocess.py:93} INFO - [20:15:41] Metrics 'row_count' were not computed for check 'row_count = 0'
[2025-12-19T20:15:41.555+0000] {subprocess.py:93} INFO - [20:15:41] Scan summary:
[2025-12-19T20:15:41.556+0000] {subprocess.py:93} INFO - [20:15:41] 2/3 checks PASSED:
[2025-12-19T20:15:41.556+0000] {subprocess.py:93} INFO - [20:15:41]     yt_api in pg_datasource
[2025-12-19T20:15:41.557+0000] {subprocess.py:93} INFO - [20:15:41]       missing_count("Video_ID") = 0 [PASSED]
[2025-12-19T20:15:41.557+0000] {subprocess.py:93} INFO - [20:15:41]       duplicate_count("Video_ID") = 0 [PASSED]
[2025-12-19T20:15:41.557+0000] {subprocess.py:93} INFO - [20:15:41] 1/3 checks NOT EVALUATED:
[2025-12-19T20:15:41.558+0000] {subprocess.py:93} INFO - [20:15:41]     yt_api_invalid_metrics in pg_datasource
[2025-12-19T20:15:41.558+0000] {subprocess.py:93} INFO - [20:15:41]       row_count = 0 [NOT EVALUATED]
[2025-12-19T20:15:41.559+0000] {subprocess.py:93} INFO - [20:15:41]         check_value: None
[2025-12-19T20:15:41.559+0000] {subprocess.py:93} INFO - [20:15:41] 1 checks not evaluated.
[2025-12-19T20:15:41.559+0000] {subprocess.py:93} INFO - [20:15:41] 2 errors.
[2025-12-19T20:15:41.559+0000] {subprocess.py:93} INFO - [20:15:41] Oops! 2 errors. 0 failures. 0 warnings. 2 pass.
[2025-12-19T20:15:41.560+0000] {subprocess.py:93} INFO - ERRORS:
[2025-12-19T20:15:41.560+0000] {subprocess.py:93} INFO - [20:15:41] Query execution error in 3.pg_datasource.yt_api_invalid_metrics.aggregation[0]: relation "staging.yt_api_invalid_metrics" does not exist
[2025-12-19T20:15:41.560+0000] {subprocess.py:93} INFO - LINE 3: FROM staging.yt_api_invalid_metrics
[2025-12-19T20:15:41.561+0000] {subprocess.py:93} INFO -              ^
[2025-12-19T20:15:41.561+0000] {subprocess.py:93} INFO - 
[2025-12-19T20:15:41.561+0000] {subprocess.py:93} INFO - SELECT
[2025-12-19T20:15:41.562+0000] {subprocess.py:93} INFO -   COUNT(*)
[2025-12-19T20:15:41.562+0000] {subprocess.py:93} INFO - FROM staging.yt_api_invalid_metrics
[2025-12-19T20:15:41.562+0000] {subprocess.py:93} INFO -   | relation "staging.yt_api_invalid_metrics" does not exist
[2025-12-19T20:15:41.562+0000] {subprocess.py:93} INFO -   | LINE 3: FROM staging.yt_api_invalid_metrics
[2025-12-19T20:15:41.563+0000] {subprocess.py:93} INFO -   |              ^
[2025-12-19T20:15:41.563+0000] {subprocess.py:93} INFO - 
[2025-12-19T20:15:41.563+0000] {subprocess.py:93} INFO - [20:15:41] Metrics 'row_count' were not computed for check 'row_count = 0'
[2025-12-19T20:15:42.913+0000] {subprocess.py:97} INFO - Command exited with return code 3
[2025-12-19T20:15:42.915+0000] {taskinstance.py:441} INFO - ::group::Post task execution logs
[2025-12-19T20:15:42.926+0000] {taskinstance.py:2905} ERROR - Task failed with exception
Traceback (most recent call last):
  File "/home/airflow/.local/lib/python3.11/site-packages/airflow/models/taskinstance.py", line 465, in _execute_task
    result = _execute_callable(context=context, **execute_callable_kwargs)
             ^^^^^^^^^^^^^^^^^^^^^^^^^^^^^^^^^^^^^^^^^^^^^^^^^^^^^^^^^^^^^
  File "/home/airflow/.local/lib/python3.11/site-packages/airflow/models/taskinstance.py", line 432, in _execute_callable
    return execute_callable(context=context, **execute_callable_kwargs)
           ^^^^^^^^^^^^^^^^^^^^^^^^^^^^^^^^^^^^^^^^^^^^^^^^^^^^^^^^^^^^
  File "/home/airflow/.local/lib/python3.11/site-packages/airflow/models/baseoperator.py", line 401, in wrapper
    return func(self, *args, **kwargs)
           ^^^^^^^^^^^^^^^^^^^^^^^^^^^
  File "/home/airflow/.local/lib/python3.11/site-packages/airflow/operators/bash.py", line 243, in execute
    raise AirflowException(
airflow.exceptions.AirflowException: Bash command failed. The command returned a non-zero exit code 3.
[2025-12-19T20:15:42.931+0000] {taskinstance.py:1206} INFO - Marking task as FAILED. dag_id=data_quality, task_id=soda_test_staging, run_id=manual__2025-12-19T20:15:37.693965+00:00, execution_date=20251219T201537, start_date=20251219T201539, end_date=20251219T201542
[2025-12-19T20:15:42.946+0000] {standard_task_runner.py:110} ERROR - Failed to execute job 41 for task soda_test_staging (Bash command failed. The command returned a non-zero exit code 3.; 1873)
[2025-12-19T20:15:42.981+0000] {local_task_job_runner.py:240} INFO - Task exited with return code 1
[2025-12-19T20:15:43.003+0000] {taskinstance.py:3503} INFO - 0 downstream tasks scheduled from follow-on schedule check
[2025-12-19T20:15:43.009+0000] {local_task_job_runner.py:222} INFO - ::endgroup::
