[2025-12-18T04:09:52.986+0000] {local_task_job_runner.py:120} INFO - ::group::Pre task execution logs
[2025-12-18T04:09:53.118+0000] {taskinstance.py:2076} INFO - Dependencies all met for dep_context=non-requeueable deps ti=<TaskInstance: update_db.staging_table scheduled__2025-12-16T15:00:00+00:00 [queued]>
[2025-12-18T04:09:53.149+0000] {taskinstance.py:2076} INFO - Dependencies all met for dep_context=requeueable deps ti=<TaskInstance: update_db.staging_table scheduled__2025-12-16T15:00:00+00:00 [queued]>
[2025-12-18T04:09:53.150+0000] {taskinstance.py:2306} INFO - Starting attempt 1 of 1
[2025-12-18T04:09:53.182+0000] {taskinstance.py:2330} INFO - Executing <Task(_PythonDecoratedOperator): staging_table> on 2025-12-16 15:00:00+00:00
[2025-12-18T04:09:53.237+0000] {standard_task_runner.py:90} INFO - Running: ['***', 'tasks', 'run', 'update_db', 'staging_table', 'scheduled__2025-12-16T15:00:00+00:00', '--job-id', '3', '--raw', '--subdir', 'DAGS_FOLDER/main.py', '--cfg-path', '/tmp/tmp4uk7rmru']
[2025-12-18T04:09:53.253+0000] {standard_task_runner.py:91} INFO - Job 3: Subtask staging_table
[2025-12-18T04:09:53.226+0000] {warnings.py:112} WARNING - /home/***/.local/lib/python3.12/site-packages/***/task/task_runner/standard_task_runner.py:61: DeprecationWarning: This process (pid=583) is multi-threaded, use of fork() may lead to deadlocks in the child.
  pid = os.fork()

[2025-12-18T04:09:53.259+0000] {standard_task_runner.py:63} INFO - Started process 584 to run task
[2025-12-18T04:09:53.584+0000] {task_command.py:426} INFO - Running <TaskInstance: update_db.staging_table scheduled__2025-12-16T15:00:00+00:00 [running]> on host cfc984bcb72d
[2025-12-18T04:09:54.078+0000] {taskinstance.py:2648} INFO - Exporting env vars: AIRFLOW_CTX_DAG_EMAIL='data@engineers.com' AIRFLOW_CTX_DAG_OWNER='dataengineers' AIRFLOW_CTX_DAG_ID='update_db' AIRFLOW_CTX_TASK_ID='staging_table' AIRFLOW_CTX_EXECUTION_DATE='2025-12-16T15:00:00+00:00' AIRFLOW_CTX_TRY_NUMBER='1' AIRFLOW_CTX_DAG_RUN_ID='scheduled__2025-12-16T15:00:00+00:00'
[2025-12-18T04:09:54.090+0000] {taskinstance.py:430} INFO - ::endgroup::
[2025-12-18T04:09:54.451+0000] {base.py:84} INFO - Using connection ID 'postgres_db_yt_elt' for task execution.
[2025-12-18T04:09:54.466+0000] {data_loading.py:11} INFO - Processing file: YT_data_2025-12-18
[2025-12-18T04:09:54.468+0000] {data_loading.py:18} ERROR - Invalid JSON in file: ./data/YT_data_2025-12-18.json
[2025-12-18T04:09:54.468+0000] {dwh.py:43} ERROR - An error occurred during the update of staging table: [Errno 2] No such file or directory: './data/YT_data_2025-12-18.json'
[2025-12-18T04:09:54.472+0000] {taskinstance.py:441} INFO - ::group::Post task execution logs
[2025-12-18T04:09:54.474+0000] {taskinstance.py:2905} ERROR - Task failed with exception
Traceback (most recent call last):
  File "/home/airflow/.local/lib/python3.12/site-packages/airflow/models/taskinstance.py", line 465, in _execute_task
    result = _execute_callable(context=context, **execute_callable_kwargs)
             ^^^^^^^^^^^^^^^^^^^^^^^^^^^^^^^^^^^^^^^^^^^^^^^^^^^^^^^^^^^^^
  File "/home/airflow/.local/lib/python3.12/site-packages/airflow/models/taskinstance.py", line 432, in _execute_callable
    return execute_callable(context=context, **execute_callable_kwargs)
           ^^^^^^^^^^^^^^^^^^^^^^^^^^^^^^^^^^^^^^^^^^^^^^^^^^^^^^^^^^^^
  File "/home/airflow/.local/lib/python3.12/site-packages/airflow/models/baseoperator.py", line 401, in wrapper
    return func(self, *args, **kwargs)
           ^^^^^^^^^^^^^^^^^^^^^^^^^^^
  File "/home/airflow/.local/lib/python3.12/site-packages/airflow/decorators/base.py", line 265, in execute
    return_value = super().execute(context)
                   ^^^^^^^^^^^^^^^^^^^^^^^^
  File "/home/airflow/.local/lib/python3.12/site-packages/airflow/models/baseoperator.py", line 401, in wrapper
    return func(self, *args, **kwargs)
           ^^^^^^^^^^^^^^^^^^^^^^^^^^^
  File "/home/airflow/.local/lib/python3.12/site-packages/airflow/operators/python.py", line 235, in execute
    return_value = self.execute_callable()
                   ^^^^^^^^^^^^^^^^^^^^^^^
  File "/home/airflow/.local/lib/python3.12/site-packages/airflow/operators/python.py", line 252, in execute_callable
    return self.python_callable(*self.op_args, **self.op_kwargs)
           ^^^^^^^^^^^^^^^^^^^^^^^^^^^^^^^^^^^^^^^^^^^^^^^^^^^^^
  File "/opt/airflow/dags/datawarehouse/dwh.py", line 44, in staging_table
    raise e
  File "/opt/airflow/dags/datawarehouse/dwh.py", line 19, in staging_table
    Yt_data = load_data()
              ^^^^^^^^^^^
  File "/opt/airflow/dags/datawarehouse/data_loading.py", line 13, in load_data
    with open(file_path, 'r', encoding= 'utf-8') as raw_data:
         ^^^^^^^^^^^^^^^^^^^^^^^^^^^^^^^^^^^^^^^
FileNotFoundError: [Errno 2] No such file or directory: './data/YT_data_2025-12-18.json'
[2025-12-18T04:09:54.545+0000] {taskinstance.py:1206} INFO - Marking task as FAILED. dag_id=update_db, task_id=staging_table, run_id=scheduled__2025-12-16T15:00:00+00:00, execution_date=20251216T150000, start_date=20251218T040953, end_date=20251218T040954
[2025-12-18T04:09:54.569+0000] {standard_task_runner.py:110} ERROR - Failed to execute job 3 for task staging_table ([Errno 2] No such file or directory: './data/YT_data_2025-12-18.json'; 584)
[2025-12-18T04:09:54.598+0000] {local_task_job_runner.py:240} INFO - Task exited with return code 1
[2025-12-18T04:09:54.625+0000] {taskinstance.py:3503} INFO - 0 downstream tasks scheduled from follow-on schedule check
[2025-12-18T04:09:54.632+0000] {local_task_job_runner.py:222} INFO - ::endgroup::
