[2025-12-16T02:49:04.295+0000] {local_task_job_runner.py:120} INFO - ::group::Pre task execution logs
[2025-12-16T02:49:04.368+0000] {taskinstance.py:2076} INFO - Dependencies all met for dep_context=non-requeueable deps ti=<TaskInstance: update_db.staging_table scheduled__2025-12-14T18:00:00+00:00 [queued]>
[2025-12-16T02:49:04.384+0000] {taskinstance.py:2076} INFO - Dependencies all met for dep_context=requeueable deps ti=<TaskInstance: update_db.staging_table scheduled__2025-12-14T18:00:00+00:00 [queued]>
[2025-12-16T02:49:04.386+0000] {taskinstance.py:2306} INFO - Starting attempt 1 of 1
[2025-12-16T02:49:04.409+0000] {taskinstance.py:2330} INFO - Executing <Task(_PythonDecoratedOperator): staging_table> on 2025-12-14 18:00:00+00:00
[2025-12-16T02:49:04.421+0000] {warnings.py:112} WARNING - /home/***/.local/lib/python3.12/site-packages/***/task/task_runner/standard_task_runner.py:61: DeprecationWarning: This process (pid=150) is multi-threaded, use of fork() may lead to deadlocks in the child.
  pid = os.fork()

[2025-12-16T02:49:04.422+0000] {standard_task_runner.py:90} INFO - Running: ['***', 'tasks', 'run', 'update_db', 'staging_table', 'scheduled__2025-12-14T18:00:00+00:00', '--job-id', '115', '--raw', '--subdir', 'DAGS_FOLDER/main.py', '--cfg-path', '/tmp/tmps3i8k9jr']
[2025-12-16T02:49:04.426+0000] {standard_task_runner.py:63} INFO - Started process 158 to run task
[2025-12-16T02:49:04.426+0000] {standard_task_runner.py:91} INFO - Job 115: Subtask staging_table
[2025-12-16T02:49:04.514+0000] {task_command.py:426} INFO - Running <TaskInstance: update_db.staging_table scheduled__2025-12-14T18:00:00+00:00 [running]> on host 58cdcf494984
[2025-12-16T02:49:04.630+0000] {taskinstance.py:2648} INFO - Exporting env vars: AIRFLOW_CTX_DAG_EMAIL='data@engineers.com' AIRFLOW_CTX_DAG_OWNER='dataengineers' AIRFLOW_CTX_DAG_ID='update_db' AIRFLOW_CTX_TASK_ID='staging_table' AIRFLOW_CTX_EXECUTION_DATE='2025-12-14T18:00:00+00:00' AIRFLOW_CTX_TRY_NUMBER='1' AIRFLOW_CTX_DAG_RUN_ID='scheduled__2025-12-14T18:00:00+00:00'
[2025-12-16T02:49:04.632+0000] {taskinstance.py:430} INFO - ::endgroup::
[2025-12-16T02:49:04.830+0000] {base.py:84} INFO - Using connection ID 'postgres_db_yt_elt' for task execution.
[2025-12-16T02:49:04.839+0000] {dwh.py:43} ERROR - An error occurred during the update of staging table: 'cursfor_factory' is an invalid keyword argument for this function
[2025-12-16T02:49:04.839+0000] {taskinstance.py:441} INFO - ::group::Post task execution logs
[2025-12-16T02:49:04.841+0000] {taskinstance.py:2905} ERROR - Task failed with exception
Traceback (most recent call last):
  File "/home/airflow/.local/lib/python3.12/site-packages/airflow/models/taskinstance.py", line 465, in _execute_task
    result = _execute_callable(context=context, **execute_callable_kwargs)
             ^^^^^^^^^^^^^^^^^^^^^^^^^^^^^^^^^^^^^^^^^^^^^^^^^^^^^^^^^^^^^
  File "/home/airflow/.local/lib/python3.12/site-packages/airflow/models/taskinstance.py", line 432, in _execute_callable
    return execute_callable(context=context, **execute_callable_kwargs)
           ^^^^^^^^^^^^^^^^^^^^^^^^^^^^^^^^^^^^^^^^^^^^^^^^^^^^^^^^^^^^
  File "/home/airflow/.local/lib/python3.12/site-packages/airflow/models/baseoperator.py", line 401, in wrapper
    return func(self, *args, **kwargs)
           ^^^^^^^^^^^^^^^^^^^^^^^^^^^
  File "/home/airflow/.local/lib/python3.12/site-packages/airflow/decorators/base.py", line 265, in execute
    return_value = super().execute(context)
                   ^^^^^^^^^^^^^^^^^^^^^^^^
  File "/home/airflow/.local/lib/python3.12/site-packages/airflow/models/baseoperator.py", line 401, in wrapper
    return func(self, *args, **kwargs)
           ^^^^^^^^^^^^^^^^^^^^^^^^^^^
  File "/home/airflow/.local/lib/python3.12/site-packages/airflow/operators/python.py", line 235, in execute
    return_value = self.execute_callable()
                   ^^^^^^^^^^^^^^^^^^^^^^^
  File "/home/airflow/.local/lib/python3.12/site-packages/airflow/operators/python.py", line 252, in execute_callable
    return self.python_callable(*self.op_args, **self.op_kwargs)
           ^^^^^^^^^^^^^^^^^^^^^^^^^^^^^^^^^^^^^^^^^^^^^^^^^^^^^
  File "/opt/airflow/dags/datawarehouse/dwh.py", line 44, in staging_table
    raise e
  File "/opt/airflow/dags/datawarehouse/dwh.py", line 18, in staging_table
    conn, cur = get_conn_cursor()
                ^^^^^^^^^^^^^^^^^
  File "/opt/airflow/dags/datawarehouse/data_utils.py", line 9, in get_conn_cursor
    cur = conn.cursor(cursfor_factory=RealDictCursor)
          ^^^^^^^^^^^^^^^^^^^^^^^^^^^^^^^^^^^^^^^^^^^
TypeError: 'cursfor_factory' is an invalid keyword argument for this function
[2025-12-16T02:49:04.879+0000] {taskinstance.py:1206} INFO - Marking task as FAILED. dag_id=update_db, task_id=staging_table, run_id=scheduled__2025-12-14T18:00:00+00:00, execution_date=20251214T180000, start_date=20251216T024904, end_date=20251216T024904
[2025-12-16T02:49:04.903+0000] {standard_task_runner.py:110} ERROR - Failed to execute job 115 for task staging_table ('cursfor_factory' is an invalid keyword argument for this function; 158)
[2025-12-16T02:49:04.929+0000] {local_task_job_runner.py:240} INFO - Task exited with return code 1
[2025-12-16T02:49:04.958+0000] {taskinstance.py:3503} INFO - 0 downstream tasks scheduled from follow-on schedule check
[2025-12-16T02:49:04.964+0000] {local_task_job_runner.py:222} INFO - ::endgroup::
