[2025-12-19T20:22:08.601+0000] {local_task_job_runner.py:120} INFO - ::group::Pre task execution logs
[2025-12-19T20:22:08.630+0000] {taskinstance.py:2076} INFO - Dependencies all met for dep_context=non-requeueable deps ti=<TaskInstance: data_quality.soda_test_staging manual__2025-12-19T20:22:07.639404+00:00 [queued]>
[2025-12-19T20:22:08.641+0000] {taskinstance.py:2076} INFO - Dependencies all met for dep_context=requeueable deps ti=<TaskInstance: data_quality.soda_test_staging manual__2025-12-19T20:22:07.639404+00:00 [queued]>
[2025-12-19T20:22:08.642+0000] {taskinstance.py:2306} INFO - Starting attempt 1 of 1
[2025-12-19T20:22:08.659+0000] {taskinstance.py:2330} INFO - Executing <Task(BashOperator): soda_test_staging> on 2025-12-19 20:22:07.639404+00:00
[2025-12-19T20:22:08.665+0000] {standard_task_runner.py:63} INFO - Started process 1964 to run task
[2025-12-19T20:22:08.668+0000] {standard_task_runner.py:90} INFO - Running: ['***', 'tasks', 'run', 'data_quality', 'soda_test_staging', 'manual__2025-12-19T20:22:07.639404+00:00', '--job-id', '42', '--raw', '--subdir', 'DAGS_FOLDER/main.py', '--cfg-path', '/tmp/tmp8eayx9xy']
[2025-12-19T20:22:08.670+0000] {standard_task_runner.py:91} INFO - Job 42: Subtask soda_test_staging
[2025-12-19T20:22:08.745+0000] {task_command.py:426} INFO - Running <TaskInstance: data_quality.soda_test_staging manual__2025-12-19T20:22:07.639404+00:00 [running]> on host 2095eb49e620
[2025-12-19T20:22:08.828+0000] {taskinstance.py:2648} INFO - Exporting env vars: AIRFLOW_CTX_DAG_EMAIL='data@engineers.com' AIRFLOW_CTX_DAG_OWNER='dataengineers' AIRFLOW_CTX_DAG_ID='data_quality' AIRFLOW_CTX_TASK_ID='soda_test_staging' AIRFLOW_CTX_EXECUTION_DATE='2025-12-19T20:22:07.639404+00:00' AIRFLOW_CTX_TRY_NUMBER='1' AIRFLOW_CTX_DAG_RUN_ID='manual__2025-12-19T20:22:07.639404+00:00'
[2025-12-19T20:22:08.829+0000] {taskinstance.py:430} INFO - ::endgroup::
[2025-12-19T20:22:08.831+0000] {subprocess.py:63} INFO - Tmp dir root location: /tmp
[2025-12-19T20:22:08.832+0000] {subprocess.py:75} INFO - Running command: ['/usr/bin/bash', '-c', 'soda scan -d pg_datasource -c /opt/***/include/soda/configuration.yml -v SCHEMA=staging /opt/***/include/soda/checks_staging.yml']
[2025-12-19T20:22:08.842+0000] {subprocess.py:86} INFO - Output:
[2025-12-19T20:22:09.899+0000] {subprocess.py:93} INFO - [20:22:09] Soda Core 3.3.14
[2025-12-19T20:22:09.938+0000] {subprocess.py:93} INFO - [20:22:09] Path "/opt/***/include/soda/checks_staging.yml" does not exist
[2025-12-19T20:22:09.938+0000] {subprocess.py:93} INFO - [20:22:09] Scan summary:
[2025-12-19T20:22:09.944+0000] {subprocess.py:93} INFO - [20:22:09] No valid checks found, 0 checks evaluated.
[2025-12-19T20:22:09.944+0000] {subprocess.py:93} INFO - [20:22:09] 1 errors.
[2025-12-19T20:22:09.945+0000] {subprocess.py:93} INFO - [20:22:09] Oops! 1 error. 0 failures. 0 warnings. 0 pass.
[2025-12-19T20:22:09.946+0000] {subprocess.py:93} INFO - ERRORS:
[2025-12-19T20:22:09.946+0000] {subprocess.py:93} INFO - [20:22:09] Path "/opt/***/include/soda/checks_staging.yml" does not exist
[2025-12-19T20:22:11.322+0000] {subprocess.py:97} INFO - Command exited with return code 3
[2025-12-19T20:22:11.324+0000] {taskinstance.py:441} INFO - ::group::Post task execution logs
[2025-12-19T20:22:11.333+0000] {taskinstance.py:2905} ERROR - Task failed with exception
Traceback (most recent call last):
  File "/home/airflow/.local/lib/python3.11/site-packages/airflow/models/taskinstance.py", line 465, in _execute_task
    result = _execute_callable(context=context, **execute_callable_kwargs)
             ^^^^^^^^^^^^^^^^^^^^^^^^^^^^^^^^^^^^^^^^^^^^^^^^^^^^^^^^^^^^^
  File "/home/airflow/.local/lib/python3.11/site-packages/airflow/models/taskinstance.py", line 432, in _execute_callable
    return execute_callable(context=context, **execute_callable_kwargs)
           ^^^^^^^^^^^^^^^^^^^^^^^^^^^^^^^^^^^^^^^^^^^^^^^^^^^^^^^^^^^^
  File "/home/airflow/.local/lib/python3.11/site-packages/airflow/models/baseoperator.py", line 401, in wrapper
    return func(self, *args, **kwargs)
           ^^^^^^^^^^^^^^^^^^^^^^^^^^^
  File "/home/airflow/.local/lib/python3.11/site-packages/airflow/operators/bash.py", line 243, in execute
    raise AirflowException(
airflow.exceptions.AirflowException: Bash command failed. The command returned a non-zero exit code 3.
[2025-12-19T20:22:11.338+0000] {taskinstance.py:1206} INFO - Marking task as FAILED. dag_id=data_quality, task_id=soda_test_staging, run_id=manual__2025-12-19T20:22:07.639404+00:00, execution_date=20251219T202207, start_date=20251219T202208, end_date=20251219T202211
[2025-12-19T20:22:11.352+0000] {standard_task_runner.py:110} ERROR - Failed to execute job 42 for task soda_test_staging (Bash command failed. The command returned a non-zero exit code 3.; 1964)
[2025-12-19T20:22:11.378+0000] {local_task_job_runner.py:240} INFO - Task exited with return code 1
[2025-12-19T20:22:11.397+0000] {taskinstance.py:3503} INFO - 0 downstream tasks scheduled from follow-on schedule check
[2025-12-19T20:22:11.400+0000] {local_task_job_runner.py:222} INFO - ::endgroup::
